<?xml version="1.0" encoding="UTF-8"?>
<!-- Generated by org.testng.reporters.JUnitXMLReporter -->
<testsuite ignored="4" hostname="Dell-C193V93" failures="1" tests="9" name="Regression" time="0.087" errors="0" timestamp="2024-07-19T21:13:50 IST">
  <testcase classname="Framewrk.day1" name="Demo" time="0.006"/>
  <testcase classname="Framewrk.day1" name="SecondTest" time="0.002"/>
  <testcase classname="Framewrk.day3" name="MobileSignoutcarLoan" time="0.001"/>
  <testcase classname="Framewrk.day3" name="MobileSignoutcarLoan" time="0.002"/>
  <testcase classname="Framewrk.day3" name="MobileSignoutcarLoan" time="0.001"/>
  <testcase classname="Framewrk.day3" name="webloginCarLoan" time="0.0">
    <failure type="org.testng.TestNGException" message="
Parameter &amp;apos;APIKey/usrname&amp;apos; is required by @Test on method webloginCarLoan but has not been marked @Optional or defined
in D:\Software Tester\Automation Testing\MohdMN\TestNGtutorial\testng3.xml">
      <![CDATA[org.testng.TestNGException: 
Parameter 'APIKey/usrname' is required by @Test on method webloginCarLoan but has not been marked @Optional or defined
in D:\Software Tester\Automation Testing\MohdMN\TestNGtutorial\testng3.xml
at java.base/java.util.ArrayList.forEach(ArrayList.java:1511)
... Removed 26 stack frames]]>
    </failure>
  </testcase> <!-- webloginCarLoan -->
  <testcase classname="Framewrk.day3" name="APIcarLoan" time="0.0">
    <skipped/>
  </testcase> <!-- APIcarLoan -->
  <testcase classname="Framewrk.day4" name="loginAPIHomeLoan" time="0.001"/>
  <testcase classname="Framewrk.day4" name="webloginHomeLoan" time="0.001"/>
  <testcase classname="Framewrk.day3" name="MobileSignincarLoan" time="0.0">
    <ignored/>
  </testcase> <!-- MobileSignincarLoan -->
  <testcase classname="Framewrk.day3" name="mobileloginCarLoan" time="0.0">
    <ignored/>
  </testcase> <!-- mobileloginCarLoan -->
  <testcase classname="Framewrk.day2" name="ploan" time="0.0">
    <ignored/>
  </testcase> <!-- ploan -->
  <testcase classname="Framewrk.day4" name="mobileloginHomeLoan" time="0.0">
    <ignored/>
  </testcase> <!-- mobileloginHomeLoan -->
</testsuite> <!-- Regression -->
